[2026-02-24 20:09:13,139] {C:\Users\USER\Desktop\Projects\Network Security\venv\lib\site-packages\httpx\_client.py:1025} INFO - HTTP Request: GET https://dagshub.com/api/v1/user "HTTP/1.1 200 OK"
[2026-02-24 20:09:13,148] {C:\Users\USER\Desktop\Projects\Network Security\venv\lib\site-packages\dagshub\common\helpers.py:107} INFO - Accessing as yeripallivijay
[2026-02-24 20:09:14,042] {C:\Users\USER\Desktop\Projects\Network Security\venv\lib\site-packages\httpx\_client.py:1025} INFO - HTTP Request: GET https://dagshub.com/api/v1/repos/yeripallivijay/Network-Security "HTTP/1.1 200 OK"
[2026-02-24 20:09:14,927] {C:\Users\USER\Desktop\Projects\Network Security\venv\lib\site-packages\httpx\_client.py:1025} INFO - HTTP Request: GET https://dagshub.com/api/v1/user "HTTP/1.1 200 OK"
[2026-02-24 20:09:14,929] {C:\Users\USER\Desktop\Projects\Network Security\venv\lib\site-packages\dagshub\common\helpers.py:107} INFO - Initialized MLflow to track repo "yeripallivijay/Network-Security"
[2026-02-24 20:09:14,930] {C:\Users\USER\Desktop\Projects\Network Security\venv\lib\site-packages\dagshub\common\helpers.py:107} INFO - Repository yeripallivijay/Network-Security initialized!
[2026-02-24 20:09:32,850] {C:\Users\USER\Desktop\Projects\Network Security\networksecurity\pipeline\training_pipeline.py:41} INFO - Start data Ingestion
[2026-02-24 20:09:34,877] {C:\Users\USER\Desktop\Projects\Network Security\networksecurity\components\data_ingestion.py:66} INFO - Performed train test split on the dataframe
[2026-02-24 20:09:34,877] {C:\Users\USER\Desktop\Projects\Network Security\networksecurity\components\data_ingestion.py:68} INFO - Exited split_data_as_train_test method of Data_Ingestion class
[2026-02-24 20:09:34,878] {C:\Users\USER\Desktop\Projects\Network Security\networksecurity\components\data_ingestion.py:74} INFO - Exporting train and test file path
[2026-02-24 20:09:34,943] {C:\Users\USER\Desktop\Projects\Network Security\networksecurity\components\data_ingestion.py:82} INFO - Exported train and test file path.
[2026-02-24 20:09:34,943] {C:\Users\USER\Desktop\Projects\Network Security\networksecurity\pipeline\training_pipeline.py:44} INFO - Data Ingestion completed and artifact: DataIngestionArtifact(trained_file_path='Artifacts\\02_24_2026_20_09_01\\data_ingestion\\ingested\\train.csv', test_file_path='Artifacts\\02_24_2026_20_09_01\\data_ingestion\\ingested\\test.csv')
[2026-02-24 20:09:34,963] {C:\Users\USER\Desktop\Projects\Network Security\networksecurity\pipeline\training_pipeline.py:55} INFO - Initiate the data Validation
[2026-02-24 20:09:35,017] {C:\Users\USER\Desktop\Projects\Network Security\networksecurity\components\data_validation.py:32} INFO - Required number of columns:2
[2026-02-24 20:09:35,017] {C:\Users\USER\Desktop\Projects\Network Security\networksecurity\components\data_validation.py:33} INFO - Data frame has columns:31
[2026-02-24 20:09:35,017] {C:\Users\USER\Desktop\Projects\Network Security\networksecurity\components\data_validation.py:32} INFO - Required number of columns:2
[2026-02-24 20:09:35,017] {C:\Users\USER\Desktop\Projects\Network Security\networksecurity\components\data_validation.py:33} INFO - Data frame has columns:31
[2026-02-24 20:09:35,179] {C:\Users\USER\Desktop\Projects\Network Security\networksecurity\components\data_transformation.py:52} INFO - Entered initiate_data_transformation method of DataTransformation class
[2026-02-24 20:09:35,180] {C:\Users\USER\Desktop\Projects\Network Security\networksecurity\components\data_transformation.py:55} INFO - Starting data transformation
[2026-02-24 20:09:35,203] {C:\Users\USER\Desktop\Projects\Network Security\networksecurity\components\data_transformation.py:38} INFO - Entered get_data_transformer_object method of Transformation class
[2026-02-24 20:09:35,203] {C:\Users\USER\Desktop\Projects\Network Security\networksecurity\components\data_transformation.py:41} INFO - Initialise KNNImputer with {'missing_values': nan, 'n_neighbors': 3, 'weights': 'uniform'}
[2026-02-24 20:09:35,216] {C:\Users\USER\Desktop\Projects\Network Security\networksecurity\utils\main_utils\utils.py:41} INFO - Entered the save_object method of MainUtils class
[2026-02-24 20:09:35,218] {C:\Users\USER\Desktop\Projects\Network Security\networksecurity\utils\main_utils\utils.py:45} INFO - Exited the save_object method of MainUtils class
[2026-02-24 20:09:35,218] {C:\Users\USER\Desktop\Projects\Network Security\networksecurity\utils\main_utils\utils.py:41} INFO - Entered the save_object method of MainUtils class
[2026-02-24 20:09:35,220] {C:\Users\USER\Desktop\Projects\Network Security\networksecurity\utils\main_utils\utils.py:45} INFO - Exited the save_object method of MainUtils class
[2026-02-24 20:14:37,603] {C:\Users\USER\Desktop\Projects\Network Security\networksecurity\utils\main_utils\utils.py:41} INFO - Entered the save_object method of MainUtils class
[2026-02-24 20:14:37,604] {C:\Users\USER\Desktop\Projects\Network Security\networksecurity\utils\main_utils\utils.py:45} INFO - Exited the save_object method of MainUtils class
[2026-02-24 20:14:37,604] {C:\Users\USER\Desktop\Projects\Network Security\networksecurity\utils\main_utils\utils.py:41} INFO - Entered the save_object method of MainUtils class
[2026-02-24 20:14:37,628] {C:\Users\USER\Desktop\Projects\Network Security\networksecurity\utils\main_utils\utils.py:45} INFO - Exited the save_object method of MainUtils class
[2026-02-24 20:14:37,628] {C:\Users\USER\Desktop\Projects\Network Security\networksecurity\components\model_trainer.py:132} INFO - Model trainer artifact: ModelTrainerArtifact(trained_model_file_path='Artifacts\\02_24_2026_20_09_01\\model_trainer\\trained_model\\model.pkl', train_metric_artifact=ClassificationMetricArtifact(f1_score=0.9904723292114332, precision_score=0.9904723292114332, recall_score=0.9904723292114332), test_metric_artifact=ClassificationMetricArtifact(f1_score=0.9758691206543967, precision_score=0.9770679770679771, recall_score=0.9746732026143791))
